aterm.tcz
bzip2-lib.tcz
fltk-1.3.tcz
flwm.tcz
freetype.tcz
imlib2-bin.tcz
imlib2.tcz
libfontenc.tcz
libICE.tcz
libjpeg-turbo.tcz
libpng.tcz
libSM.tcz
libX11.tcz
libXau.tcz
libxcb.tcz
libXdmcp.tcz
libXext.tcz
libXfont.tcz
libXmu.tcz
libXt.tcz
wbar.tcz
Xlibs.tcz
Xprogs.tcz
Xvesa.tcz
Xvesa.tcz
aterm.tcz
flwm_topside.tcz
wifi.tcz
iw.tcz
pci-utils.tcz
firmware-atheros.tcz
firmware-ipw2100.tcz
firmware-ipw2200.tcz
firmware-iwimax.tcz
firmware-iwl8000.tcz
firmware-iwl9000.tcz
firmware-iwlwifi.tcz
firmware-marvel.tcz
firmware-myri10ge.tcz
firmware-netxen.tcz
firmware-openfwwf.tcz
firmware-ralinkwifi.tcz
firmware-rtlwifi.tcz
firmware-ti-connectivity.tcz
firmware-ueagle-atm.tcz
firmware-vxge.tcz
firmware-zd1211.tcz
kmaps.tcz
util-linux.tcz
neofetch.tcz
nano.tcz
htop.tcz
gparted.tcz
ntfs-3g.tcz
ntfsprogs.tcz
exfat-utils.tcz
links.tcz
wbar.tcz
vim.tcz
xfe-common.tcz
xfe.tcz
